<?xml version="1.0" encoding="UTF-8"?>
<testng-results skipped="0" failed="0" ignored="0" total="1" passed="1">
  <reporter-output>
  </reporter-output>
  <suite name="Suite" duration-ms="28596" started-at="2020-03-21T18:32:08 CST" finished-at="2020-03-21T18:32:36 CST">
    <groups>
    </groups>
    <test name="Test" duration-ms="28596" started-at="2020-03-21T18:32:08 CST" finished-at="2020-03-21T18:32:36 CST">
      <class name="testtest.testtest.NewTest">
        <test-method status="PASS" signature="f()[pri:0, instance:testtest.testtest.NewTest@7d70d1b1]" name="f" duration-ms="28510" started-at="2020-03-21T18:32:08 CST" finished-at="2020-03-21T18:32:36 CST">
          <reporter-output>
          </reporter-output>
        </test-method> <!-- f -->
      </class> <!-- testtest.testtest.NewTest -->
    </test> <!-- Test -->
  </suite> <!-- Suite -->
</testng-results>
